сент. 20, 2021 9:28:32 AM Controller startElevator
INFO: STARTING_TRANSPORTATION
сент. 20, 2021 9:28:32 AM Controller boardPassenger
INFO: BOARDING_OF_PASSENGER (passengerID-5 on floor-0) 
сент. 20, 2021 9:28:32 AM Controller boardPassenger
INFO: BOARDING_OF_PASSENGER (passengerID-13 on floor-0) 
сент. 20, 2021 9:28:32 AM Controller boardPassenger
INFO: BOARDING_OF_PASSENGER (passengerID-29 on floor-0) 
сент. 20, 2021 9:28:32 AM Controller boardPassenger
INFO: BOARDING_OF_PASSENGER (passengerID-30 on floor-0) 
сент. 20, 2021 9:28:32 AM Controller boardPassenger
INFO: BOARDING_OF_PASSENGER (passengerID-33 on floor-0) 
сент. 20, 2021 9:28:32 AM Controller boardPassenger
INFO: BOARDING_OF_PASSENGER (passengerID-43 on floor-0) 
сент. 20, 2021 9:28:32 AM Controller boardPassenger
INFO: BOARDING_OF_PASSENGER (passengerID-52 on floor-0) 
сент. 20, 2021 9:28:33 AM Controller boardPassenger
INFO: BOARDING_OF_PASSENGER (passengerID-53 on floor-0) 
сент. 20, 2021 9:28:33 AM Controller moveElevator
INFO: MOVING_ELEVATOR from floor 0 to floor 1
сент. 20, 2021 9:28:33 AM Controller deboardPassenger
INFO: DEBOARDING_OF_PASSENGER (passengerID-5 on floor-1) 
сент. 20, 2021 9:28:33 AM Controller deboardPassenger
INFO: DEBOARDING_OF_PASSENGER (passengerID-30 on floor-1) 
сент. 20, 2021 9:28:33 AM Controller boardPassenger
INFO: BOARDING_OF_PASSENGER (passengerID-1 on floor-1) 
сент. 20, 2021 9:28:33 AM Controller boardPassenger
INFO: BOARDING_OF_PASSENGER (passengerID-25 on floor-1) 
сент. 20, 2021 9:28:33 AM Controller boardPassenger
INFO: BOARDING_OF_PASSENGER (passengerID-31 on floor-1) 
сент. 20, 2021 9:28:33 AM Controller boardPassenger
INFO: BOARDING_OF_PASSENGER (passengerID-38 on floor-1) 
сент. 20, 2021 9:28:33 AM Controller boardPassenger
INFO: BOARDING_OF_PASSENGER (passengerID-42 on floor-1) 
сент. 20, 2021 9:28:33 AM Controller boardPassenger
INFO: BOARDING_OF_PASSENGER (passengerID-45 on floor-1) 
сент. 20, 2021 9:28:33 AM Controller boardPassenger
INFO: BOARDING_OF_PASSENGER (passengerID-46 on floor-1) 
сент. 20, 2021 9:28:33 AM Controller boardPassenger
INFO: BOARDING_OF_PASSENGER (passengerID-47 on floor-1) 
сент. 20, 2021 9:28:34 AM Controller moveElevator
INFO: MOVING_ELEVATOR from floor 1 to floor 2
сент. 20, 2021 9:28:34 AM Controller deboardPassenger
INFO: DEBOARDING_OF_PASSENGER (passengerID-25 on floor-2) 
сент. 20, 2021 9:28:34 AM Controller deboardPassenger
INFO: DEBOARDING_OF_PASSENGER (passengerID-42 on floor-2) 
сент. 20, 2021 9:28:34 AM Controller deboardPassenger
INFO: DEBOARDING_OF_PASSENGER (passengerID-47 on floor-2) 
сент. 20, 2021 9:28:34 AM Controller boardPassenger
INFO: BOARDING_OF_PASSENGER (passengerID-2 on floor-2) 
сент. 20, 2021 9:28:34 AM Controller boardPassenger
INFO: BOARDING_OF_PASSENGER (passengerID-15 on floor-2) 
сент. 20, 2021 9:28:34 AM Controller boardPassenger
INFO: BOARDING_OF_PASSENGER (passengerID-16 on floor-2) 
сент. 20, 2021 9:28:34 AM Controller boardPassenger
INFO: BOARDING_OF_PASSENGER (passengerID-26 on floor-2) 
сент. 20, 2021 9:28:34 AM Controller boardPassenger
INFO: BOARDING_OF_PASSENGER (passengerID-35 on floor-2) 
сент. 20, 2021 9:28:35 AM Controller moveElevator
INFO: MOVING_ELEVATOR from floor 2 to floor 3
сент. 20, 2021 9:28:35 AM Controller deboardPassenger
INFO: DEBOARDING_OF_PASSENGER (passengerID-1 on floor-3) 
сент. 20, 2021 9:28:35 AM Controller deboardPassenger
INFO: DEBOARDING_OF_PASSENGER (passengerID-26 on floor-3) 
сент. 20, 2021 9:28:35 AM Controller deboardPassenger
INFO: DEBOARDING_OF_PASSENGER (passengerID-29 on floor-3) 
сент. 20, 2021 9:28:35 AM Controller deboardPassenger
INFO: DEBOARDING_OF_PASSENGER (passengerID-35 on floor-3) 
сент. 20, 2021 9:28:35 AM Controller boardPassenger
INFO: BOARDING_OF_PASSENGER (passengerID-20 on floor-3) 
сент. 20, 2021 9:28:35 AM Controller boardPassenger
INFO: BOARDING_OF_PASSENGER (passengerID-24 on floor-3) 
сент. 20, 2021 9:28:35 AM Controller boardPassenger
INFO: BOARDING_OF_PASSENGER (passengerID-36 on floor-3) 
сент. 20, 2021 9:28:35 AM Controller boardPassenger
INFO: BOARDING_OF_PASSENGER (passengerID-40 on floor-3) 
сент. 20, 2021 9:28:36 AM Controller moveElevator
INFO: MOVING_ELEVATOR from floor 3 to floor 4
сент. 20, 2021 9:28:36 AM Controller deboardPassenger
INFO: DEBOARDING_OF_PASSENGER (passengerID-52 on floor-4) 
сент. 20, 2021 9:28:36 AM Controller boardPassenger
INFO: BOARDING_OF_PASSENGER (passengerID-8 on floor-4) 
сент. 20, 2021 9:28:36 AM Controller boardPassenger
INFO: BOARDING_OF_PASSENGER (passengerID-18 on floor-4) 
сент. 20, 2021 9:28:37 AM Controller moveElevator
INFO: MOVING_ELEVATOR from floor 4 to floor 5
сент. 20, 2021 9:28:37 AM Controller deboardPassenger
INFO: DEBOARDING_OF_PASSENGER (passengerID-2 on floor-5) 
сент. 20, 2021 9:28:37 AM Controller deboardPassenger
INFO: DEBOARDING_OF_PASSENGER (passengerID-16 on floor-5) 
сент. 20, 2021 9:28:37 AM Controller deboardPassenger
INFO: DEBOARDING_OF_PASSENGER (passengerID-31 on floor-5) 
сент. 20, 2021 9:28:37 AM Controller deboardPassenger
INFO: DEBOARDING_OF_PASSENGER (passengerID-45 on floor-5) 
сент. 20, 2021 9:28:37 AM Controller boardPassenger
INFO: BOARDING_OF_PASSENGER (passengerID-37 on floor-5) 
сент. 20, 2021 9:28:37 AM Controller boardPassenger
INFO: BOARDING_OF_PASSENGER (passengerID-39 on floor-5) 
сент. 20, 2021 9:28:37 AM Controller boardPassenger
INFO: BOARDING_OF_PASSENGER (passengerID-44 on floor-5) 
сент. 20, 2021 9:28:38 AM Controller moveElevator
INFO: MOVING_ELEVATOR from floor 5 to floor 6
сент. 20, 2021 9:28:38 AM Controller deboardPassenger
INFO: DEBOARDING_OF_PASSENGER (passengerID-18 on floor-6) 
сент. 20, 2021 9:28:38 AM Controller deboardPassenger
INFO: DEBOARDING_OF_PASSENGER (passengerID-37 on floor-6) 
сент. 20, 2021 9:28:38 AM Controller deboardPassenger
INFO: DEBOARDING_OF_PASSENGER (passengerID-40 on floor-6) 
сент. 20, 2021 9:28:38 AM Controller deboardPassenger
INFO: DEBOARDING_OF_PASSENGER (passengerID-44 on floor-6) 
сент. 20, 2021 9:28:38 AM Controller deboardPassenger
INFO: DEBOARDING_OF_PASSENGER (passengerID-46 on floor-6) 
сент. 20, 2021 9:28:38 AM Controller boardPassenger
INFO: BOARDING_OF_PASSENGER (passengerID-3 on floor-6) 
сент. 20, 2021 9:28:38 AM Controller boardPassenger
INFO: BOARDING_OF_PASSENGER (passengerID-17 on floor-6) 
сент. 20, 2021 9:28:38 AM Controller boardPassenger
INFO: BOARDING_OF_PASSENGER (passengerID-21 on floor-6) 
сент. 20, 2021 9:28:38 AM Controller boardPassenger
INFO: BOARDING_OF_PASSENGER (passengerID-22 on floor-6) 
сент. 20, 2021 9:28:38 AM Controller boardPassenger
INFO: BOARDING_OF_PASSENGER (passengerID-23 on floor-6) 
сент. 20, 2021 9:28:38 AM Controller boardPassenger
INFO: BOARDING_OF_PASSENGER (passengerID-34 on floor-6) 
сент. 20, 2021 9:28:38 AM Controller boardPassenger
INFO: BOARDING_OF_PASSENGER (passengerID-48 on floor-6) 
сент. 20, 2021 9:28:38 AM Controller boardPassenger
INFO: BOARDING_OF_PASSENGER (passengerID-49 on floor-6) 
сент. 20, 2021 9:28:38 AM Controller boardPassenger
INFO: BOARDING_OF_PASSENGER (passengerID-50 on floor-6) 
сент. 20, 2021 9:28:39 AM Controller moveElevator
INFO: MOVING_ELEVATOR from floor 6 to floor 7
сент. 20, 2021 9:28:39 AM Controller deboardPassenger
INFO: DEBOARDING_OF_PASSENGER (passengerID-13 on floor-7) 
сент. 20, 2021 9:28:39 AM Controller deboardPassenger
INFO: DEBOARDING_OF_PASSENGER (passengerID-20 on floor-7) 
сент. 20, 2021 9:28:39 AM Controller deboardPassenger
INFO: DEBOARDING_OF_PASSENGER (passengerID-33 on floor-7) 
сент. 20, 2021 9:28:39 AM Controller deboardPassenger
INFO: DEBOARDING_OF_PASSENGER (passengerID-34 on floor-7) 
сент. 20, 2021 9:28:39 AM Controller deboardPassenger
INFO: DEBOARDING_OF_PASSENGER (passengerID-53 on floor-7) 
сент. 20, 2021 9:28:39 AM Controller boardPassenger
INFO: BOARDING_OF_PASSENGER (passengerID-0 on floor-7) 
сент. 20, 2021 9:28:39 AM Controller boardPassenger
INFO: BOARDING_OF_PASSENGER (passengerID-4 on floor-7) 
сент. 20, 2021 9:28:39 AM Controller boardPassenger
INFO: BOARDING_OF_PASSENGER (passengerID-7 on floor-7) 
сент. 20, 2021 9:28:39 AM Controller boardPassenger
INFO: BOARDING_OF_PASSENGER (passengerID-10 on floor-7) 
сент. 20, 2021 9:28:39 AM Controller boardPassenger
INFO: BOARDING_OF_PASSENGER (passengerID-9 on floor-7) 
сент. 20, 2021 9:28:40 AM Controller moveElevator
INFO: MOVING_ELEVATOR from floor 7 to floor 8
сент. 20, 2021 9:28:40 AM Controller deboardPassenger
INFO: DEBOARDING_OF_PASSENGER (passengerID-4 on floor-8) 
сент. 20, 2021 9:28:40 AM Controller deboardPassenger
INFO: DEBOARDING_OF_PASSENGER (passengerID-21 on floor-8) 
сент. 20, 2021 9:28:40 AM Controller deboardPassenger
INFO: DEBOARDING_OF_PASSENGER (passengerID-43 on floor-8) 
сент. 20, 2021 9:28:40 AM Controller deboardPassenger
INFO: DEBOARDING_OF_PASSENGER (passengerID-49 on floor-8) 
сент. 20, 2021 9:28:40 AM Controller boardPassenger
INFO: BOARDING_OF_PASSENGER (passengerID-6 on floor-8) 
сент. 20, 2021 9:28:40 AM Controller boardPassenger
INFO: BOARDING_OF_PASSENGER (passengerID-14 on floor-8) 
сент. 20, 2021 9:28:40 AM Controller boardPassenger
INFO: BOARDING_OF_PASSENGER (passengerID-28 on floor-8) 
сент. 20, 2021 9:28:41 AM Controller moveElevator
INFO: MOVING_ELEVATOR from floor 8 to floor 7
сент. 20, 2021 9:28:41 AM Controller boardPassenger
INFO: BOARDING_OF_PASSENGER (passengerID-11 on floor-7) 
сент. 20, 2021 9:28:42 AM Controller moveElevator
INFO: MOVING_ELEVATOR from floor 7 to floor 6
сент. 20, 2021 9:28:42 AM Controller deboardPassenger
INFO: DEBOARDING_OF_PASSENGER (passengerID-14 on floor-6) 
сент. 20, 2021 9:28:42 AM Controller boardPassenger
INFO: BOARDING_OF_PASSENGER (passengerID-54 on floor-6) 
сент. 20, 2021 9:28:43 AM Controller moveElevator
INFO: MOVING_ELEVATOR from floor 6 to floor 5
сент. 20, 2021 9:28:43 AM Controller deboardPassenger
INFO: DEBOARDING_OF_PASSENGER (passengerID-11 on floor-5) 
сент. 20, 2021 9:28:44 AM Controller moveElevator
INFO: MOVING_ELEVATOR from floor 5 to floor 4
сент. 20, 2021 9:28:44 AM Controller deboardPassenger
INFO: DEBOARDING_OF_PASSENGER (passengerID-10 on floor-4) 
сент. 20, 2021 9:28:44 AM Controller deboardPassenger
INFO: DEBOARDING_OF_PASSENGER (passengerID-28 on floor-4) 
сент. 20, 2021 9:28:44 AM Controller deboardPassenger
INFO: DEBOARDING_OF_PASSENGER (passengerID-39 on floor-4) 
сент. 20, 2021 9:28:44 AM Controller deboardPassenger
INFO: DEBOARDING_OF_PASSENGER (passengerID-50 on floor-4) 
сент. 20, 2021 9:28:45 AM Controller moveElevator
INFO: MOVING_ELEVATOR from floor 4 to floor 3
сент. 20, 2021 9:28:45 AM Controller deboardPassenger
INFO: DEBOARDING_OF_PASSENGER (passengerID-23 on floor-3) 
сент. 20, 2021 9:28:46 AM Controller moveElevator
INFO: MOVING_ELEVATOR from floor 3 to floor 2
сент. 20, 2021 9:28:46 AM Controller deboardPassenger
INFO: DEBOARDING_OF_PASSENGER (passengerID-8 on floor-2) 
сент. 20, 2021 9:28:46 AM Controller deboardPassenger
INFO: DEBOARDING_OF_PASSENGER (passengerID-24 on floor-2) 
сент. 20, 2021 9:28:47 AM Controller moveElevator
INFO: MOVING_ELEVATOR from floor 2 to floor 1
сент. 20, 2021 9:28:47 AM Controller deboardPassenger
INFO: DEBOARDING_OF_PASSENGER (passengerID-9 on floor-1) 
сент. 20, 2021 9:28:47 AM Controller deboardPassenger
INFO: DEBOARDING_OF_PASSENGER (passengerID-15 on floor-1) 
сент. 20, 2021 9:28:47 AM Controller deboardPassenger
INFO: DEBOARDING_OF_PASSENGER (passengerID-22 on floor-1) 
сент. 20, 2021 9:28:47 AM Controller deboardPassenger
INFO: DEBOARDING_OF_PASSENGER (passengerID-36 on floor-1) 
сент. 20, 2021 9:28:47 AM Controller deboardPassenger
INFO: DEBOARDING_OF_PASSENGER (passengerID-48 on floor-1) 
сент. 20, 2021 9:28:48 AM Controller moveElevator
INFO: MOVING_ELEVATOR from floor 1 to floor 0
сент. 20, 2021 9:28:48 AM Controller deboardPassenger
INFO: DEBOARDING_OF_PASSENGER (passengerID-0 on floor-0) 
сент. 20, 2021 9:28:48 AM Controller deboardPassenger
INFO: DEBOARDING_OF_PASSENGER (passengerID-3 on floor-0) 
сент. 20, 2021 9:28:48 AM Controller deboardPassenger
INFO: DEBOARDING_OF_PASSENGER (passengerID-6 on floor-0) 
сент. 20, 2021 9:28:48 AM Controller deboardPassenger
INFO: DEBOARDING_OF_PASSENGER (passengerID-7 on floor-0) 
сент. 20, 2021 9:28:48 AM Controller deboardPassenger
INFO: DEBOARDING_OF_PASSENGER (passengerID-17 on floor-0) 
сент. 20, 2021 9:28:48 AM Controller deboardPassenger
INFO: DEBOARDING_OF_PASSENGER (passengerID-38 on floor-0) 
сент. 20, 2021 9:28:48 AM Controller deboardPassenger
INFO: DEBOARDING_OF_PASSENGER (passengerID-54 on floor-0) 
сент. 20, 2021 9:28:49 AM Controller moveElevator
INFO: MOVING_ELEVATOR from floor 0 to floor 1
сент. 20, 2021 9:28:50 AM Controller moveElevator
INFO: MOVING_ELEVATOR from floor 1 to floor 2
сент. 20, 2021 9:28:51 AM Controller moveElevator
INFO: MOVING_ELEVATOR from floor 2 to floor 3
сент. 20, 2021 9:28:52 AM Controller moveElevator
INFO: MOVING_ELEVATOR from floor 3 to floor 4
сент. 20, 2021 9:28:53 AM Controller moveElevator
INFO: MOVING_ELEVATOR from floor 4 to floor 5
сент. 20, 2021 9:28:54 AM Controller moveElevator
INFO: MOVING_ELEVATOR from floor 5 to floor 6
сент. 20, 2021 9:28:55 AM Controller moveElevator
INFO: MOVING_ELEVATOR from floor 6 to floor 7
сент. 20, 2021 9:28:55 AM Controller boardPassenger
INFO: BOARDING_OF_PASSENGER (passengerID-12 on floor-7) 
сент. 20, 2021 9:28:55 AM Controller boardPassenger
INFO: BOARDING_OF_PASSENGER (passengerID-19 on floor-7) 
сент. 20, 2021 9:28:55 AM Controller boardPassenger
INFO: BOARDING_OF_PASSENGER (passengerID-27 on floor-7) 
сент. 20, 2021 9:28:55 AM Controller boardPassenger
INFO: BOARDING_OF_PASSENGER (passengerID-32 on floor-7) 
сент. 20, 2021 9:28:55 AM Controller boardPassenger
INFO: BOARDING_OF_PASSENGER (passengerID-41 on floor-7) 
сент. 20, 2021 9:28:55 AM Controller boardPassenger
INFO: BOARDING_OF_PASSENGER (passengerID-51 on floor-7) 
сент. 20, 2021 9:28:56 AM Controller moveElevator
INFO: MOVING_ELEVATOR from floor 7 to floor 8
сент. 20, 2021 9:28:56 AM Controller deboardPassenger
INFO: DEBOARDING_OF_PASSENGER (passengerID-12 on floor-8) 
сент. 20, 2021 9:28:57 AM Controller moveElevator
INFO: MOVING_ELEVATOR from floor 8 to floor 7
сент. 20, 2021 9:28:58 AM Controller moveElevator
INFO: MOVING_ELEVATOR from floor 7 to floor 6
сент. 20, 2021 9:28:58 AM Controller deboardPassenger
INFO: DEBOARDING_OF_PASSENGER (passengerID-51 on floor-6) 
сент. 20, 2021 9:28:59 AM Controller moveElevator
INFO: MOVING_ELEVATOR from floor 6 to floor 5
сент. 20, 2021 9:28:59 AM Controller deboardPassenger
INFO: DEBOARDING_OF_PASSENGER (passengerID-19 on floor-5) 
сент. 20, 2021 9:28:59 AM Controller deboardPassenger
INFO: DEBOARDING_OF_PASSENGER (passengerID-41 on floor-5) 
сент. 20, 2021 9:29:00 AM Controller moveElevator
INFO: MOVING_ELEVATOR from floor 5 to floor 4
сент. 20, 2021 9:29:01 AM Controller moveElevator
INFO: MOVING_ELEVATOR from floor 4 to floor 3
сент. 20, 2021 9:29:02 AM Controller moveElevator
INFO: MOVING_ELEVATOR from floor 3 to floor 2
сент. 20, 2021 9:29:02 AM Controller deboardPassenger
INFO: DEBOARDING_OF_PASSENGER (passengerID-32 on floor-2) 
сент. 20, 2021 9:29:03 AM Controller moveElevator
INFO: MOVING_ELEVATOR from floor 2 to floor 1
сент. 20, 2021 9:29:04 AM Controller moveElevator
INFO: MOVING_ELEVATOR from floor 1 to floor 0
сент. 20, 2021 9:29:04 AM Controller deboardPassenger
INFO: DEBOARDING_OF_PASSENGER (passengerID-27 on floor-0) 
сент. 20, 2021 9:29:05 AM Controller shutElevator
INFO: COMPLETION_TRANSPORTATION
